# JRE version: OpenJDK Runtime Environment (11.0.8+10) (build 11.0.8+10-b944.6842174)
# Java VM: OpenJDK 64-Bit Server VM (11.0.8+10-b944.6842174, mixed mode, tiered, compressed oops, g1 gc, windows-amd64)
Heap:
 garbage-first heap   total 236544K, used 190379K [0x0000000080000000, 0x0000000100000000)
  region size 1024K, 118 young (120832K), 5 survivors (5120K)
 Metaspace       used 82986K, capacity 84942K, committed 85068K, reserved 1122304K
  class space    used 10705K, capacity 11386K, committed 11392K, reserved 1048576K
GC Heap History (20 events):
Event: 1.494 GC heap after
{Heap after GC invocations=3 (full 0):
 garbage-first heap   total 196608K, used 10987K [0x0000000080000000, 0x0000000100000000)
  region size 1024K, 4 young (4096K), 4 survivors (4096K)
 Metaspace       used 10565K, capacity 10773K, committed 11008K, reserved 1058816K
  class space    used 1100K, capacity 1164K, committed 1280K, reserved 1048576K
}
Event: 3.383 GC heap before
{Heap before GC invocations=3 (full 0):
 garbage-first heap   total 196608K, used 49899K [0x0000000080000000, 0x0000000100000000)
  region size 1024K, 42 young (43008K), 4 survivors (4096K)
 Metaspace       used 17577K, capacity 18011K, committed 18176K, reserved 1064960K
  class space    used 2080K, capacity 2226K, committed 2304K, reserved 1048576K
}
Event: 3.392 GC heap after
{Heap after GC invocations=4 (full 0):
 garbage-first heap   total 196608K, used 15308K [0x0000000080000000, 0x0000000100000000)
  region size 1024K, 6 young (6144K), 6 survivors (6144K)
 Metaspace       used 17577K, capacity 18011K, committed 18176K, reserved 1064960K
  class space    used 2080K, capacity 2226K, committed 2304K, reserved 1048576K
}
Event: 3.782 GC heap before
{Heap before GC invocations=4 (full 0):
 garbage-first heap   total 196608K, used 36812K [0x0000000080000000, 0x0000000100000000)
  region size 1024K, 28 young (28672K), 6 survivors (6144K)
 Metaspace       used 20630K, capacity 21109K, committed 21248K, reserved 1067008K
  class space    used 2531K, capacity 2710K, committed 2816K, reserved 1048576K
}
Event: 3.790 GC heap after
{Heap after GC invocations=5 (full 0):
 garbage-first heap   total 196608K, used 16332K [0x0000000080000000, 0x0000000100000000)
  region size 1024K, 7 young (7168K), 7 survivors (7168K)
 Metaspace       used 20630K, capacity 21109K, committed 21248K, reserved 1067008K
  class space    used 2531K, capacity 2710K, committed 2816K, reserved 1048576K
}
Event: 4.934 GC heap before
{Heap before GC invocations=6 (full 0):
 garbage-first heap   total 196608K, used 70604K [0x0000000080000000, 0x0000000100000000)
  region size 1024K, 60 young (61440K), 7 survivors (7168K)
 Metaspace       used 26583K, capacity 27174K, committed 27392K, reserved 1073152K
  class space    used 3491K, capacity 3715K, committed 3840K, reserved 1048576K
}
Event: 4.945 GC heap after
{Heap after GC invocations=7 (full 0):
 garbage-first heap   total 196608K, used 18534K [0x0000000080000000, 0x0000000100000000)
  region size 1024K, 4 young (4096K), 4 survivors (4096K)
 Metaspace       used 26583K, capacity 27174K, committed 27392K, reserved 1073152K
  class space    used 3491K, capacity 3715K, committed 3840K, reserved 1048576K
}
Event: 6.107 GC heap before
{Heap before GC invocations=7 (full 0):
 garbage-first heap   total 196608K, used 63590K [0x0000000080000000, 0x0000000100000000)
  region size 1024K, 49 young (50176K), 4 survivors (4096K)
 Metaspace       used 35102K, capacity 35741K, committed 35840K, reserved 1081344K
  class space    used 4562K, capacity 4824K, committed 4864K, reserved 1048576K
}
Event: 6.118 GC heap after
{Heap after GC invocations=8 (full 0):
 garbage-first heap   total 196608K, used 21303K [0x0000000080000000, 0x0000000100000000)
  region size 1024K, 6 young (6144K), 6 survivors (6144K)
 Metaspace       used 35102K, capacity 35741K, committed 35840K, reserved 1081344K
  class space    used 4562K, capacity 4824K, committed 4864K, reserved 1048576K
}
Event: 8.583 GC heap before
{Heap before GC invocations=9 (full 0):
 garbage-first heap   total 196608K, used 108343K [0x0000000080000000, 0x0000000100000000)
  region size 1024K, 88 young (90112K), 6 survivors (6144K)
 Metaspace       used 43227K, capacity 44159K, committed 44416K, reserved 1087488K
  class space    used 5559K, capacity 5903K, committed 6016K, reserved 1048576K
}
Event: 8.601 GC heap after
{Heap after GC invocations=10 (full 0):
 garbage-first heap   total 196608K, used 25316K [0x0000000080000000, 0x0000000100000000)
  region size 1024K, 10 young (10240K), 10 survivors (10240K)
 Metaspace       used 43227K, capacity 44159K, committed 44416K, reserved 1087488K
  class space    used 5559K, capacity 5903K, committed 6016K, reserved 1048576K
}
Event: 11.367 GC heap before
{Heap before GC invocations=10 (full 0):
 garbage-first heap   total 196608K, used 121572K [0x0000000080000000, 0x0000000100000000)
  region size 1024K, 102 young (104448K), 10 survivors (10240K)
 Metaspace       used 50055K, capacity 51274K, committed 51456K, reserved 1093632K
  class space    used 6370K, capacity 6790K, committed 6912K, reserved 1048576K
}
Event: 11.390 GC heap after
{Heap after GC invocations=11 (full 0):
 garbage-first heap   total 196608K, used 37027K [0x0000000080000000, 0x0000000100000000)
  region size 1024K, 13 young (13312K), 13 survivors (13312K)
 Metaspace       used 50055K, capacity 51274K, committed 51456K, reserved 1093632K
  class space    used 6370K, capacity 6790K, committed 6912K, reserved 1048576K
}
Event: 13.598 GC heap before
{Heap before GC invocations=11 (full 0):
 garbage-first heap   total 196608K, used 106659K [0x0000000080000000, 0x0000000100000000)
  region size 1024K, 81 young (82944K), 13 survivors (13312K)
 Metaspace       used 58690K, capacity 60053K, committed 60160K, reserved 1101824K
  class space    used 7431K, capacity 7907K, committed 7936K, reserved 1048576K
}
Event: 13.628 GC heap after
{Heap after GC invocations=12 (full 0):
 garbage-first heap   total 196608K, used 44066K [0x0000000080000000, 0x0000000100000000)
  region size 1024K, 7 young (7168K), 7 survivors (7168K)
 Metaspace       used 58690K, capacity 60053K, committed 60160K, reserved 1101824K
  class space    used 7431K, capacity 7907K, committed 7936K, reserved 1048576K
}
Event: 16.885 GC heap before
{Heap before GC invocations=13 (full 0):
 garbage-first heap   total 196608K, used 135202K [0x0000000080000000, 0x0000000100000000)
  region size 1024K, 96 young (98304K), 7 survivors (7168K)
 Metaspace       used 67153K, capacity 68693K, committed 68940K, reserved 1110016K
  class space    used 8775K, capacity 9301K, committed 9344K, reserved 1048576K
}
Event: 16.907 GC heap after
{Heap after GC invocations=14 (full 0):
 garbage-first heap   total 236544K, used 48328K [0x0000000080000000, 0x0000000100000000)
  region size 1024K, 11 young (11264K), 11 survivors (11264K)
 Metaspace       used 67153K, capacity 68693K, committed 68940K, reserved 1110016K
  class space    used 8775K, capacity 9301K, committed 9344K, reserved 1048576K
}
Event: 20.418 GC heap before
{Heap before GC invocations=14 (full 0):
 garbage-first heap   total 236544K, used 165064K [0x0000000080000000, 0x0000000100000000)
  region size 1024K, 124 young (126976K), 11 survivors (11264K)
 Metaspace       used 75583K, capacity 77393K, committed 77644K, reserved 1116160K
  class space    used 9856K, capacity 10516K, committed 10624K, reserved 1048576K
}
Event: 20.448 GC heap after
{Heap after GC invocations=15 (full 0):
 garbage-first heap   total 236544K, used 59307K [0x0000000080000000, 0x0000000100000000)
  region size 1024K, 15 young (15360K), 15 survivors (15360K)
 Metaspace       used 75583K, capacity 77393K, committed 77644K, reserved 1116160K
  class space    used 9856K, capacity 10516K, committed 10624K, reserved 1048576K
}
Event: 23.353 GC heap before
{Heap before GC invocations=15 (full 0):
 garbage-first heap   total 236544K, used 189355K [0x0000000080000000, 0x0000000100000000)
  region size 1024K, 128 young (131072K), 15 survivors (15360K)
 Metaspace       used 82986K, capacity 84942K, committed 85068K, reserved 1122304K
  class space    used 10705K, capacity 11386K, committed 11392K, reserved 1048576K
}

